{"uuid":"1001109f-db29-456a-8aad-4b7c1e936082","historyId":"242bb03c57cb20f77d7c870c2a1de787","testCaseId":"[engine:junit-jupiter]/[class:com.example.framework.tests.regression.UfcSearchTest]/[method:shouldSelectFirstAndLastSuggestion()]","testCaseName":"Autocomplete supports selecting first and last results sequentially","fullName":"com.example.framework.tests.regression.UfcSearchTest.shouldSelectFirstAndLastSuggestion","labels":[{"name":"tag","value":"Regression"},{"name":"tag","value":"Slow"},{"name":"junit.platform.uniqueid","value":"[engine:junit-jupiter]/[class:com.example.framework.tests.regression.UfcSearchTest]/[method:shouldSelectFirstAndLastSuggestion()]"},{"name":"epic","value":"UFC portal"},{"name":"feature","value":"Search panel"},{"name":"story","value":"Search suggestions list responds to user selection order"},{"name":"feature","value":"Regression"},{"name":"feature","value":"Slow tests"},{"name":"host","value":"ANO-DA-AA709F"},{"name":"thread","value":"3080@ANO-DA-AA709F.ForkJoinPool-1-worker-1(31)"},{"name":"framework","value":"junit-platform"},{"name":"language","value":"java"},{"name":"package","value":"com.example.framework.tests.regression.UfcSearchTest"},{"name":"testClass","value":"com.example.framework.tests.regression.UfcSearchTest"},{"name":"testMethod","value":"shouldSelectFirstAndLastSuggestion"},{"name":"suite","value":"com.example.framework.tests.regression.UfcSearchTest"}],"links":[],"name":"Autocomplete supports selecting first and last results sequentially","status":"broken","statusDetails":{"known":false,"muted":false,"flaky":false,"message":"Error {\n  message='url: expected string, got undefined\n  name='Error\n  stack='Error: url: expected string, got undefined\n    at tString (C:\\Users\\User\\AppData\\Local\\Temp\\playwright-java-15387719707826109758\\package\\lib\\protocol\\validatorPrimitives.js:58:9)\n    at C:\\Users\\User\\AppData\\Local\\Temp\\playwright-java-15387719707826109758\\package\\lib\\protocol\\validatorPrimitives.js:107:21\n    at DispatcherConnection.dispatch (C:\\Users\\User\\AppData\\Local\\Temp\\playwright-java-15387719707826109758\\package\\lib\\server\\dispatchers\\dispatcher.js:281:21)\n    at transport.onmessage (C:\\Users\\User\\AppData\\Local\\Temp\\playwright-java-15387719707826109758\\package\\lib\\cli\\driver.js:52:57)\n    at Immediate._onImmediate (C:\\Users\\User\\AppData\\Local\\Temp\\playwright-java-15387719707826109758\\package\\lib\\protocol\\transport.js:77:34)\n    at process.processImmediate (node:internal/timers:483:21)\n}","trace":"com.microsoft.playwright.PlaywrightException: Error {\n  message='url: expected string, got undefined\n  name='Error\n  stack='Error: url: expected string, got undefined\n    at tString (C:\\Users\\User\\AppData\\Local\\Temp\\playwright-java-15387719707826109758\\package\\lib\\protocol\\validatorPrimitives.js:58:9)\n    at C:\\Users\\User\\AppData\\Local\\Temp\\playwright-java-15387719707826109758\\package\\lib\\protocol\\validatorPrimitives.js:107:21\n    at DispatcherConnection.dispatch (C:\\Users\\User\\AppData\\Local\\Temp\\playwright-java-15387719707826109758\\package\\lib\\server\\dispatchers\\dispatcher.js:281:21)\n    at transport.onmessage (C:\\Users\\User\\AppData\\Local\\Temp\\playwright-java-15387719707826109758\\package\\lib\\cli\\driver.js:52:57)\n    at Immediate._onImmediate (C:\\Users\\User\\AppData\\Local\\Temp\\playwright-java-15387719707826109758\\package\\lib\\protocol\\transport.js:77:34)\n    at process.processImmediate (node:internal/timers:483:21)\n}\r\n\tat com.microsoft.playwright.impl.WaitableResult.get(WaitableResult.java:56)\r\n\tat com.microsoft.playwright.impl.ChannelOwner.runUntil(ChannelOwner.java:132)\r\n\tat com.microsoft.playwright.impl.Connection.sendMessage(Connection.java:130)\r\n\tat com.microsoft.playwright.impl.ChannelOwner.sendMessage(ChannelOwner.java:118)\r\n\tat com.microsoft.playwright.impl.FrameImpl.navigateImpl(FrameImpl.java:463)\r\n\tat com.microsoft.playwright.impl.PageImpl.lambda$navigate$47(PageImpl.java:943)\r\n\tat com.microsoft.playwright.impl.LoggingSupport.withLogging(LoggingSupport.java:47)\r\n\tat com.microsoft.playwright.impl.ChannelOwner.withLogging(ChannelOwner.java:97)\r\n\tat com.microsoft.playwright.impl.PageImpl.navigate(PageImpl.java:943)\r\n\tat com.microsoft.playwright.impl.PageImpl.navigate(PageImpl.java:42)\r\n\tat com.example.framework.pages.UfcSearchPage.applyFilter(UfcSearchPage.java:32)\r\n\tat com.example.framework.tests.regression.UfcSearchTest.shouldSelectFirstAndLastSuggestion(UfcSearchTest.java:37)\r\n\tat java.base/jdk.internal.reflect.DirectMethodHandleAccessor.invoke(DirectMethodHandleAccessor.java:103)\r\n\tat java.base/java.lang.reflect.Method.invoke(Method.java:580)\r\n\tat org.junit.platform.commons.util.ReflectionUtils.invokeMethod(ReflectionUtils.java:728)\r\n\tat org.junit.jupiter.engine.execution.MethodInvocation.proceed(MethodInvocation.java:60)\r\n\tat org.junit.jupiter.engine.execution.InvocationInterceptorChain$ValidatingInvocation.proceed(InvocationInterceptorChain.java:131)\r\n\tat org.junit.jupiter.api.extension.InvocationInterceptor.interceptTestMethod(InvocationInterceptor.java:119)\r\n\tat org.junit.jupiter.engine.execution.InterceptingExecutableInvoker$ReflectiveInterceptorCall.lambda$ofVoidMethod$0(InterceptingExecutableInvoker.java:103)\r\n\tat org.junit.jupiter.engine.execution.InterceptingExecutableInvoker.lambda$invoke$0(InterceptingExecutableInvoker.java:93)\r\n\tat org.junit.jupiter.engine.execution.InvocationInterceptorChain$InterceptedInvocation.proceed(InvocationInterceptorChain.java:106)\r\n\tat org.junit.jupiter.engine.extension.TimeoutExtension.intercept(TimeoutExtension.java:156)\r\n\tat org.junit.jupiter.engine.extension.TimeoutExtension.interceptTestableMethod(TimeoutExtension.java:147)\r\n\tat org.junit.jupiter.engine.extension.TimeoutExtension.interceptTestMethod(TimeoutExtension.java:86)\r\n\tat org.junit.jupiter.engine.execution.InterceptingExecutableInvoker$ReflectiveInterceptorCall.lambda$ofVoidMethod$0(InterceptingExecutableInvoker.java:103)\r\n\tat org.junit.jupiter.engine.execution.InterceptingExecutableInvoker.lambda$invoke$0(InterceptingExecutableInvoker.java:93)\r\n\tat org.junit.jupiter.engine.execution.InvocationInterceptorChain$InterceptedInvocation.proceed(InvocationInterceptorChain.java:106)\r\n\tat org.junit.jupiter.engine.execution.InvocationInterceptorChain.proceed(InvocationInterceptorChain.java:64)\r\n\tat org.junit.jupiter.engine.execution.InvocationInterceptorChain.chainAndInvoke(InvocationInterceptorChain.java:45)\r\n\tat org.junit.jupiter.engine.execution.InvocationInterceptorChain.invoke(InvocationInterceptorChain.java:37)\r\n\tat org.junit.jupiter.engine.execution.InterceptingExecutableInvoker.invoke(InterceptingExecutableInvoker.java:92)\r\n\tat org.junit.jupiter.engine.execution.InterceptingExecutableInvoker.invoke(InterceptingExecutableInvoker.java:86)\r\n\tat org.junit.jupiter.engine.descriptor.TestMethodTestDescriptor.lambda$invokeTestMethod$7(TestMethodTestDescriptor.java:218)\r\n\tat org.junit.platform.engine.support.hierarchical.ThrowableCollector.execute(ThrowableCollector.java:73)\r\n\tat org.junit.jupiter.engine.descriptor.TestMethodTestDescriptor.invokeTestMethod(TestMethodTestDescriptor.java:214)\r\n\tat org.junit.jupiter.engine.descriptor.TestMethodTestDescriptor.execute(TestMethodTestDescriptor.java:139)\r\n\tat org.junit.jupiter.engine.descriptor.TestMethodTestDescriptor.execute(TestMethodTestDescriptor.java:69)\r\n\tat org.junit.platform.engine.support.hierarchical.NodeTestTask.lambda$executeRecursively$6(NodeTestTask.java:151)\r\n\tat org.junit.platform.engine.support.hierarchical.ThrowableCollector.execute(ThrowableCollector.java:73)\r\n\tat org.junit.platform.engine.support.hierarchical.NodeTestTask.lambda$executeRecursively$8(NodeTestTask.java:141)\r\n\tat org.junit.platform.engine.support.hierarchical.Node.around(Node.java:137)\r\n\tat org.junit.platform.engine.support.hierarchical.NodeTestTask.lambda$executeRecursively$9(NodeTestTask.java:139)\r\n\tat org.junit.platform.engine.support.hierarchical.ThrowableCollector.execute(ThrowableCollector.java:73)\r\n\tat org.junit.platform.engine.support.hierarchical.NodeTestTask.executeRecursively(NodeTestTask.java:138)\r\n\tat org.junit.platform.engine.support.hierarchical.NodeTestTask.execute(NodeTestTask.java:95)\r\n\tat org.junit.platform.engine.support.hierarchical.ForkJoinPoolHierarchicalTestExecutorService$ExclusiveTask.compute(ForkJoinPoolHierarchicalTestExecutorService.java:202)\r\n\tat org.junit.platform.engine.support.hierarchical.ForkJoinPoolHierarchicalTestExecutorService.invokeAll(ForkJoinPoolHierarchicalTestExecutorService.java:146)\r\n\tat org.junit.platform.engine.support.hierarchical.NodeTestTask.lambda$executeRecursively$6(NodeTestTask.java:155)\r\n\tat org.junit.platform.engine.support.hierarchical.ThrowableCollector.execute(ThrowableCollector.java:73)\r\n\tat org.junit.platform.engine.support.hierarchical.NodeTestTask.lambda$executeRecursively$8(NodeTestTask.java:141)\r\n\tat org.junit.platform.engine.support.hierarchical.Node.around(Node.java:137)\r\n\tat org.junit.platform.engine.support.hierarchical.NodeTestTask.lambda$executeRecursively$9(NodeTestTask.java:139)\r\n\tat org.junit.platform.engine.support.hierarchical.ThrowableCollector.execute(ThrowableCollector.java:73)\r\n\tat org.junit.platform.engine.support.hierarchical.NodeTestTask.executeRecursively(NodeTestTask.java:138)\r\n\tat org.junit.platform.engine.support.hierarchical.NodeTestTask.execute(NodeTestTask.java:95)\r\n\tat org.junit.platform.engine.support.hierarchical.ForkJoinPoolHierarchicalTestExecutorService$ExclusiveTask.compute(ForkJoinPoolHierarchicalTestExecutorService.java:202)\r\n\tat org.junit.platform.engine.support.hierarchical.ForkJoinPoolHierarchicalTestExecutorService.invokeAll(ForkJoinPoolHierarchicalTestExecutorService.java:146)\r\n\tat org.junit.platform.engine.support.hierarchical.NodeTestTask.lambda$executeRecursively$6(NodeTestTask.java:155)\r\n\tat org.junit.platform.engine.support.hierarchical.ThrowableCollector.execute(ThrowableCollector.java:73)\r\n\tat org.junit.platform.engine.support.hierarchical.NodeTestTask.lambda$executeRecursively$8(NodeTestTask.java:141)\r\n\tat org.junit.platform.engine.support.hierarchical.Node.around(Node.java:137)\r\n\tat org.junit.platform.engine.support.hierarchical.NodeTestTask.lambda$executeRecursively$9(NodeTestTask.java:139)\r\n\tat org.junit.platform.engine.support.hierarchical.ThrowableCollector.execute(ThrowableCollector.java:73)\r\n\tat org.junit.platform.engine.support.hierarchical.NodeTestTask.executeRecursively(NodeTestTask.java:138)\r\n\tat org.junit.platform.engine.support.hierarchical.NodeTestTask.execute(NodeTestTask.java:95)\r\n\tat org.junit.platform.engine.support.hierarchical.ForkJoinPoolHierarchicalTestExecutorService$ExclusiveTask.compute(ForkJoinPoolHierarchicalTestExecutorService.java:202)\r\n\tat java.base/java.util.concurrent.RecursiveAction.exec(RecursiveAction.java:194)\r\n\tat java.base/java.util.concurrent.ForkJoinTask.doExec$$$capture(ForkJoinTask.java:387)\r\n\tat java.base/java.util.concurrent.ForkJoinTask.doExec(ForkJoinTask.java)\r\n\tat java.base/java.util.concurrent.ForkJoinPool$WorkQueue.topLevelExec(ForkJoinPool.java:1312)\r\n\tat java.base/java.util.concurrent.ForkJoinPool.scan(ForkJoinPool.java:1843)\r\n\tat java.base/java.util.concurrent.ForkJoinPool.runWorker(ForkJoinPool.java:1808)\r\n\tat java.base/java.util.concurrent.ForkJoinWorkerThread.run(ForkJoinWorkerThread.java:188)\r\nCaused by: com.microsoft.playwright.impl.DriverException: Error {\n  message='url: expected string, got undefined\n  name='Error\n  stack='Error: url: expected string, got undefined\n    at tString (C:\\Users\\User\\AppData\\Local\\Temp\\playwright-java-15387719707826109758\\package\\lib\\protocol\\validatorPrimitives.js:58:9)\n    at C:\\Users\\User\\AppData\\Local\\Temp\\playwright-java-15387719707826109758\\package\\lib\\protocol\\validatorPrimitives.js:107:21\n    at DispatcherConnection.dispatch (C:\\Users\\User\\AppData\\Local\\Temp\\playwright-java-15387719707826109758\\package\\lib\\server\\dispatchers\\dispatcher.js:281:21)\n    at transport.onmessage (C:\\Users\\User\\AppData\\Local\\Temp\\playwright-java-15387719707826109758\\package\\lib\\cli\\driver.js:52:57)\n    at Immediate._onImmediate (C:\\Users\\User\\AppData\\Local\\Temp\\playwright-java-15387719707826109758\\package\\lib\\protocol\\transport.js:77:34)\n    at process.processImmediate (node:internal/timers:483:21)\n}\r\n\tat com.microsoft.playwright.impl.Connection.dispatch(Connection.java:259)\r\n\tat com.microsoft.playwright.impl.Connection.processOneMessage(Connection.java:211)\r\n\tat com.microsoft.playwright.impl.ChannelOwner.runUntil(ChannelOwner.java:130)\r\n\t... 71 more\r\n"},"stage":"finished","description":"","steps":[],"attachments":[],"parameters":[],"start":1762772621948,"stop":1762772630282}