{"uuid":"3ea5d12b-bbed-4b68-93d7-3fcf45ce5389","historyId":"242bb03c57cb20f77d7c870c2a1de787","testCaseId":"[engine:junit-jupiter]/[class:com.example.framework.tests.regression.UfcSearchTest]/[method:shouldSelectFirstAndLastSuggestion()]","testCaseName":"Autocomplete supports selecting first and last results sequentially","fullName":"com.example.framework.tests.regression.UfcSearchTest.shouldSelectFirstAndLastSuggestion","labels":[{"name":"tag","value":"Regression"},{"name":"tag","value":"Slow"},{"name":"junit.platform.uniqueid","value":"[engine:junit-jupiter]/[class:com.example.framework.tests.regression.UfcSearchTest]/[method:shouldSelectFirstAndLastSuggestion()]"},{"name":"epic","value":"UFC portal"},{"name":"feature","value":"Search panel"},{"name":"story","value":"Search suggestions list responds to user selection order"},{"name":"feature","value":"Regression"},{"name":"feature","value":"Slow tests"},{"name":"host","value":"ANO-DA-AA709F"},{"name":"thread","value":"22856@ANO-DA-AA709F.ForkJoinPool-1-worker-1(31)"},{"name":"framework","value":"junit-platform"},{"name":"language","value":"java"},{"name":"package","value":"com.example.framework.tests.regression.UfcSearchTest"},{"name":"testClass","value":"com.example.framework.tests.regression.UfcSearchTest"},{"name":"testMethod","value":"shouldSelectFirstAndLastSuggestion"},{"name":"suite","value":"com.example.framework.tests.regression.UfcSearchTest"}],"links":[],"name":"Autocomplete supports selecting first and last results sequentially","status":"broken","statusDetails":{"known":false,"muted":false,"flaky":false,"message":"Error {\n  message='Error: strict mode violation: locator(\"div.HitchhikerEventStandard-dateInnerWrapper\") resolved to 20 elements:\n    1) <div class=\"HitchhikerEventStandard-dateInnerWrapper\">…</div> aka getByText(\"ноябрь 1993\")\n    2) <div class=\"HitchhikerEventStandard-dateInnerWrapper\">…</div> aka getByText(\"март 1994\")\n    3) <div class=\"HitchhikerEventStandard-dateInnerWrapper\">…</div> aka getByText(\"сентябрь 1994\")\n    4) <div class=\"HitchhikerEventStandard-dateInnerWrapper\">…</div> aka getByText(\"декабрь 1994\")\n    5) <div class=\"HitchhikerEventStandard-dateInnerWrapper\">…</div> aka getByText(\"апрель 1995\")\n    6) <div class=\"HitchhikerEventStandard-dateInnerWrapper\">…</div> aka getByText(\"июль 1995\")\n    7) <div class=\"HitchhikerEventStandard-dateInnerWrapper\">…</div> aka getByText(\"сентябрь 1995\")\n    8) <div class=\"HitchhikerEventStandard-dateInnerWrapper\">…</div> aka getByText(\"декабрь 1995\")\n    9) <div class=\"HitchhikerEventStandard-dateInnerWrapper\">…</div> aka getByText(\"февраль 1996\")\n    10) <div class=\"HitchhikerEventStandard-dateInnerWrapper\">…</div> aka getByText(\"17 май\")\n    ...\n\n  name='Error\n  stack='Error: Error: strict mode violation: locator(\"div.HitchhikerEventStandard-dateInnerWrapper\") resolved to 20 elements:\n    1) <div class=\"HitchhikerEventStandard-dateInnerWrapper\">…</div> aka getByText(\"ноябрь 1993\")\n    2) <div class=\"HitchhikerEventStandard-dateInnerWrapper\">…</div> aka getByText(\"март 1994\")\n    3) <div class=\"HitchhikerEventStandard-dateInnerWrapper\">…</div> aka getByText(\"сентябрь 1994\")\n    4) <div class=\"HitchhikerEventStandard-dateInnerWrapper\">…</div> aka getByText(\"декабрь 1994\")\n    5) <div class=\"HitchhikerEventStandard-dateInnerWrapper\">…</div> aka getByText(\"апрель 1995\")\n    6) <div class=\"HitchhikerEventStandard-dateInnerWrapper\">…</div> aka getByText(\"июль 1995\")\n    7) <div class=\"HitchhikerEventStandard-dateInnerWrapper\">…</div> aka getByText(\"сентябрь 1995\")\n    8) <div class=\"HitchhikerEventStandard-dateInnerWrapper\">…</div> aka getByText(\"декабрь 1995\")\n    9) <div class=\"HitchhikerEventStandard-dateInnerWrapper\">…</div> aka getByText(\"февраль 1996\")\n    10) <div class=\"HitchhikerEventStandard-dateInnerWrapper\">…</div> aka getByText(\"17 май\")\n    ...\n\n    at CRExecutionContext.evaluateWithArguments (C:\\Users\\User\\AppData\\Local\\Temp\\playwright-java-2139458725993734081\\package\\lib\\server\\chromium\\crExecutionContext.js:92:33)\n    at async LongStandingScope._race (C:\\Users\\User\\AppData\\Local\\Temp\\playwright-java-2139458725993734081\\package\\lib\\utils\\manualPromise.js:96:14)\n    at async evaluateExpression (C:\\Users\\User\\AppData\\Local\\Temp\\playwright-java-2139458725993734081\\package\\lib\\server\\javascript.js:235:12)\n    at async C:\\Users\\User\\AppData\\Local\\Temp\\playwright-java-2139458725993734081\\package\\lib\\server\\frames.js:641:22\n    at async Frame.retryWithProgressAndTimeouts (C:\\Users\\User\\AppData\\Local\\Temp\\playwright-java-2139458725993734081\\package\\lib\\server\\frames.js:929:24)\n    at async C:\\Users\\User\\AppData\\Local\\Temp\\playwright-java-2139458725993734081\\package\\lib\\server\\frames.js:626:14\n    at async ProgressController.run (C:\\Users\\User\\AppData\\Local\\Temp\\playwright-java-2139458725993734081\\package\\lib\\server\\progress.js:82:22)\n    at async FrameDispatcher.waitForSelector (C:\\Users\\User\\AppData\\Local\\Temp\\playwright-java-2139458725993734081\\package\\lib\\server\\dispatchers\\frameDispatcher.js:105:85)\n    at async LongStandingScope._race (C:\\Users\\User\\AppData\\Local\\Temp\\playwright-java-2139458725993734081\\package\\lib\\utils\\manualPromise.js:96:14)\n    at async FrameDispatcher._handleCommand (C:\\Users\\User\\AppData\\Local\\Temp\\playwright-java-2139458725993734081\\package\\lib\\server\\dispatchers\\dispatcher.js:96:14)\n}\nCall log:\n- waiting for locator(\"div.HitchhikerEventStandard-dateInnerWrapper\") to be visible\n","trace":"com.microsoft.playwright.PlaywrightException: Error {\n  message='Error: strict mode violation: locator(\"div.HitchhikerEventStandard-dateInnerWrapper\") resolved to 20 elements:\n    1) <div class=\"HitchhikerEventStandard-dateInnerWrapper\">…</div> aka getByText(\"ноябрь 1993\")\n    2) <div class=\"HitchhikerEventStandard-dateInnerWrapper\">…</div> aka getByText(\"март 1994\")\n    3) <div class=\"HitchhikerEventStandard-dateInnerWrapper\">…</div> aka getByText(\"сентябрь 1994\")\n    4) <div class=\"HitchhikerEventStandard-dateInnerWrapper\">…</div> aka getByText(\"декабрь 1994\")\n    5) <div class=\"HitchhikerEventStandard-dateInnerWrapper\">…</div> aka getByText(\"апрель 1995\")\n    6) <div class=\"HitchhikerEventStandard-dateInnerWrapper\">…</div> aka getByText(\"июль 1995\")\n    7) <div class=\"HitchhikerEventStandard-dateInnerWrapper\">…</div> aka getByText(\"сентябрь 1995\")\n    8) <div class=\"HitchhikerEventStandard-dateInnerWrapper\">…</div> aka getByText(\"декабрь 1995\")\n    9) <div class=\"HitchhikerEventStandard-dateInnerWrapper\">…</div> aka getByText(\"февраль 1996\")\n    10) <div class=\"HitchhikerEventStandard-dateInnerWrapper\">…</div> aka getByText(\"17 май\")\n    ...\n\n  name='Error\n  stack='Error: Error: strict mode violation: locator(\"div.HitchhikerEventStandard-dateInnerWrapper\") resolved to 20 elements:\n    1) <div class=\"HitchhikerEventStandard-dateInnerWrapper\">…</div> aka getByText(\"ноябрь 1993\")\n    2) <div class=\"HitchhikerEventStandard-dateInnerWrapper\">…</div> aka getByText(\"март 1994\")\n    3) <div class=\"HitchhikerEventStandard-dateInnerWrapper\">…</div> aka getByText(\"сентябрь 1994\")\n    4) <div class=\"HitchhikerEventStandard-dateInnerWrapper\">…</div> aka getByText(\"декабрь 1994\")\n    5) <div class=\"HitchhikerEventStandard-dateInnerWrapper\">…</div> aka getByText(\"апрель 1995\")\n    6) <div class=\"HitchhikerEventStandard-dateInnerWrapper\">…</div> aka getByText(\"июль 1995\")\n    7) <div class=\"HitchhikerEventStandard-dateInnerWrapper\">…</div> aka getByText(\"сентябрь 1995\")\n    8) <div class=\"HitchhikerEventStandard-dateInnerWrapper\">…</div> aka getByText(\"декабрь 1995\")\n    9) <div class=\"HitchhikerEventStandard-dateInnerWrapper\">…</div> aka getByText(\"февраль 1996\")\n    10) <div class=\"HitchhikerEventStandard-dateInnerWrapper\">…</div> aka getByText(\"17 май\")\n    ...\n\n    at CRExecutionContext.evaluateWithArguments (C:\\Users\\User\\AppData\\Local\\Temp\\playwright-java-2139458725993734081\\package\\lib\\server\\chromium\\crExecutionContext.js:92:33)\n    at async LongStandingScope._race (C:\\Users\\User\\AppData\\Local\\Temp\\playwright-java-2139458725993734081\\package\\lib\\utils\\manualPromise.js:96:14)\n    at async evaluateExpression (C:\\Users\\User\\AppData\\Local\\Temp\\playwright-java-2139458725993734081\\package\\lib\\server\\javascript.js:235:12)\n    at async C:\\Users\\User\\AppData\\Local\\Temp\\playwright-java-2139458725993734081\\package\\lib\\server\\frames.js:641:22\n    at async Frame.retryWithProgressAndTimeouts (C:\\Users\\User\\AppData\\Local\\Temp\\playwright-java-2139458725993734081\\package\\lib\\server\\frames.js:929:24)\n    at async C:\\Users\\User\\AppData\\Local\\Temp\\playwright-java-2139458725993734081\\package\\lib\\server\\frames.js:626:14\n    at async ProgressController.run (C:\\Users\\User\\AppData\\Local\\Temp\\playwright-java-2139458725993734081\\package\\lib\\server\\progress.js:82:22)\n    at async FrameDispatcher.waitForSelector (C:\\Users\\User\\AppData\\Local\\Temp\\playwright-java-2139458725993734081\\package\\lib\\server\\dispatchers\\frameDispatcher.js:105:85)\n    at async LongStandingScope._race (C:\\Users\\User\\AppData\\Local\\Temp\\playwright-java-2139458725993734081\\package\\lib\\utils\\manualPromise.js:96:14)\n    at async FrameDispatcher._handleCommand (C:\\Users\\User\\AppData\\Local\\Temp\\playwright-java-2139458725993734081\\package\\lib\\server\\dispatchers\\dispatcher.js:96:14)\n}\nCall log:\n- waiting for locator(\"div.HitchhikerEventStandard-dateInnerWrapper\") to be visible\n\r\n\tat com.microsoft.playwright.impl.WaitableResult.get(WaitableResult.java:56)\r\n\tat com.microsoft.playwright.impl.ChannelOwner.runUntil(ChannelOwner.java:132)\r\n\tat com.microsoft.playwright.impl.Connection.sendMessage(Connection.java:130)\r\n\tat com.microsoft.playwright.impl.ChannelOwner.sendMessage(ChannelOwner.java:118)\r\n\tat com.microsoft.playwright.impl.FrameImpl.waitForSelectorImpl(FrameImpl.java:1060)\r\n\tat com.microsoft.playwright.impl.LocatorImpl.lambda$waitForImpl$7(LocatorImpl.java:619)\r\n\tat com.microsoft.playwright.impl.LoggingSupport.withLogging(LoggingSupport.java:47)\r\n\tat com.microsoft.playwright.impl.ChannelOwner.withLogging(ChannelOwner.java:97)\r\n\tat com.microsoft.playwright.impl.LocatorImpl.waitForImpl(LocatorImpl.java:619)\r\n\tat com.microsoft.playwright.impl.LocatorImpl.waitFor(LocatorImpl.java:615)\r\n\tat com.microsoft.playwright.Locator.waitFor(Locator.java:5296)\r\n\tat com.example.framework.pages.UfcSearchPage.checkFilter(UfcSearchPage.java:57)\r\n\tat com.example.framework.pages.UfcSearchPage.applyFilter(UfcSearchPage.java:50)\r\n\tat com.example.framework.tests.regression.UfcSearchTest.shouldSelectFirstAndLastSuggestion(UfcSearchTest.java:37)\r\n\tat java.base/jdk.internal.reflect.DirectMethodHandleAccessor.invoke(DirectMethodHandleAccessor.java:103)\r\n\tat java.base/java.lang.reflect.Method.invoke(Method.java:580)\r\n\tat org.junit.platform.commons.util.ReflectionUtils.invokeMethod(ReflectionUtils.java:728)\r\n\tat org.junit.jupiter.engine.execution.MethodInvocation.proceed(MethodInvocation.java:60)\r\n\tat org.junit.jupiter.engine.execution.InvocationInterceptorChain$ValidatingInvocation.proceed(InvocationInterceptorChain.java:131)\r\n\tat org.junit.jupiter.api.extension.InvocationInterceptor.interceptTestMethod(InvocationInterceptor.java:119)\r\n\tat org.junit.jupiter.engine.execution.InterceptingExecutableInvoker$ReflectiveInterceptorCall.lambda$ofVoidMethod$0(InterceptingExecutableInvoker.java:103)\r\n\tat org.junit.jupiter.engine.execution.InterceptingExecutableInvoker.lambda$invoke$0(InterceptingExecutableInvoker.java:93)\r\n\tat org.junit.jupiter.engine.execution.InvocationInterceptorChain$InterceptedInvocation.proceed(InvocationInterceptorChain.java:106)\r\n\tat org.junit.jupiter.engine.extension.TimeoutExtension.intercept(TimeoutExtension.java:156)\r\n\tat org.junit.jupiter.engine.extension.TimeoutExtension.interceptTestableMethod(TimeoutExtension.java:147)\r\n\tat org.junit.jupiter.engine.extension.TimeoutExtension.interceptTestMethod(TimeoutExtension.java:86)\r\n\tat org.junit.jupiter.engine.execution.InterceptingExecutableInvoker$ReflectiveInterceptorCall.lambda$ofVoidMethod$0(InterceptingExecutableInvoker.java:103)\r\n\tat org.junit.jupiter.engine.execution.InterceptingExecutableInvoker.lambda$invoke$0(InterceptingExecutableInvoker.java:93)\r\n\tat org.junit.jupiter.engine.execution.InvocationInterceptorChain$InterceptedInvocation.proceed(InvocationInterceptorChain.java:106)\r\n\tat org.junit.jupiter.engine.execution.InvocationInterceptorChain.proceed(InvocationInterceptorChain.java:64)\r\n\tat org.junit.jupiter.engine.execution.InvocationInterceptorChain.chainAndInvoke(InvocationInterceptorChain.java:45)\r\n\tat org.junit.jupiter.engine.execution.InvocationInterceptorChain.invoke(InvocationInterceptorChain.java:37)\r\n\tat org.junit.jupiter.engine.execution.InterceptingExecutableInvoker.invoke(InterceptingExecutableInvoker.java:92)\r\n\tat org.junit.jupiter.engine.execution.InterceptingExecutableInvoker.invoke(InterceptingExecutableInvoker.java:86)\r\n\tat org.junit.jupiter.engine.descriptor.TestMethodTestDescriptor.lambda$invokeTestMethod$7(TestMethodTestDescriptor.java:218)\r\n\tat org.junit.platform.engine.support.hierarchical.ThrowableCollector.execute(ThrowableCollector.java:73)\r\n\tat org.junit.jupiter.engine.descriptor.TestMethodTestDescriptor.invokeTestMethod(TestMethodTestDescriptor.java:214)\r\n\tat org.junit.jupiter.engine.descriptor.TestMethodTestDescriptor.execute(TestMethodTestDescriptor.java:139)\r\n\tat org.junit.jupiter.engine.descriptor.TestMethodTestDescriptor.execute(TestMethodTestDescriptor.java:69)\r\n\tat org.junit.platform.engine.support.hierarchical.NodeTestTask.lambda$executeRecursively$6(NodeTestTask.java:151)\r\n\tat org.junit.platform.engine.support.hierarchical.ThrowableCollector.execute(ThrowableCollector.java:73)\r\n\tat org.junit.platform.engine.support.hierarchical.NodeTestTask.lambda$executeRecursively$8(NodeTestTask.java:141)\r\n\tat org.junit.platform.engine.support.hierarchical.Node.around(Node.java:137)\r\n\tat org.junit.platform.engine.support.hierarchical.NodeTestTask.lambda$executeRecursively$9(NodeTestTask.java:139)\r\n\tat org.junit.platform.engine.support.hierarchical.ThrowableCollector.execute(ThrowableCollector.java:73)\r\n\tat org.junit.platform.engine.support.hierarchical.NodeTestTask.executeRecursively(NodeTestTask.java:138)\r\n\tat org.junit.platform.engine.support.hierarchical.NodeTestTask.execute(NodeTestTask.java:95)\r\n\tat org.junit.platform.engine.support.hierarchical.ForkJoinPoolHierarchicalTestExecutorService$ExclusiveTask.compute(ForkJoinPoolHierarchicalTestExecutorService.java:202)\r\n\tat org.junit.platform.engine.support.hierarchical.ForkJoinPoolHierarchicalTestExecutorService.invokeAll(ForkJoinPoolHierarchicalTestExecutorService.java:146)\r\n\tat org.junit.platform.engine.support.hierarchical.NodeTestTask.lambda$executeRecursively$6(NodeTestTask.java:155)\r\n\tat org.junit.platform.engine.support.hierarchical.ThrowableCollector.execute(ThrowableCollector.java:73)\r\n\tat org.junit.platform.engine.support.hierarchical.NodeTestTask.lambda$executeRecursively$8(NodeTestTask.java:141)\r\n\tat org.junit.platform.engine.support.hierarchical.Node.around(Node.java:137)\r\n\tat org.junit.platform.engine.support.hierarchical.NodeTestTask.lambda$executeRecursively$9(NodeTestTask.java:139)\r\n\tat org.junit.platform.engine.support.hierarchical.ThrowableCollector.execute(ThrowableCollector.java:73)\r\n\tat org.junit.platform.engine.support.hierarchical.NodeTestTask.executeRecursively(NodeTestTask.java:138)\r\n\tat org.junit.platform.engine.support.hierarchical.NodeTestTask.execute(NodeTestTask.java:95)\r\n\tat org.junit.platform.engine.support.hierarchical.ForkJoinPoolHierarchicalTestExecutorService$ExclusiveTask.compute(ForkJoinPoolHierarchicalTestExecutorService.java:202)\r\n\tat org.junit.platform.engine.support.hierarchical.ForkJoinPoolHierarchicalTestExecutorService.invokeAll(ForkJoinPoolHierarchicalTestExecutorService.java:146)\r\n\tat org.junit.platform.engine.support.hierarchical.NodeTestTask.lambda$executeRecursively$6(NodeTestTask.java:155)\r\n\tat org.junit.platform.engine.support.hierarchical.ThrowableCollector.execute(ThrowableCollector.java:73)\r\n\tat org.junit.platform.engine.support.hierarchical.NodeTestTask.lambda$executeRecursively$8(NodeTestTask.java:141)\r\n\tat org.junit.platform.engine.support.hierarchical.Node.around(Node.java:137)\r\n\tat org.junit.platform.engine.support.hierarchical.NodeTestTask.lambda$executeRecursively$9(NodeTestTask.java:139)\r\n\tat org.junit.platform.engine.support.hierarchical.ThrowableCollector.execute(ThrowableCollector.java:73)\r\n\tat org.junit.platform.engine.support.hierarchical.NodeTestTask.executeRecursively(NodeTestTask.java:138)\r\n\tat org.junit.platform.engine.support.hierarchical.NodeTestTask.execute(NodeTestTask.java:95)\r\n\tat org.junit.platform.engine.support.hierarchical.ForkJoinPoolHierarchicalTestExecutorService$ExclusiveTask.compute(ForkJoinPoolHierarchicalTestExecutorService.java:202)\r\n\tat java.base/java.util.concurrent.RecursiveAction.exec(RecursiveAction.java:194)\r\n\tat java.base/java.util.concurrent.ForkJoinTask.doExec$$$capture(ForkJoinTask.java:387)\r\n\tat java.base/java.util.concurrent.ForkJoinTask.doExec(ForkJoinTask.java)\r\n\tat java.base/java.util.concurrent.ForkJoinPool$WorkQueue.topLevelExec(ForkJoinPool.java:1312)\r\n\tat java.base/java.util.concurrent.ForkJoinPool.scan(ForkJoinPool.java:1843)\r\n\tat java.base/java.util.concurrent.ForkJoinPool.runWorker(ForkJoinPool.java:1808)\r\n\tat java.base/java.util.concurrent.ForkJoinWorkerThread.run(ForkJoinWorkerThread.java:188)\r\nCaused by: com.microsoft.playwright.impl.DriverException: Error {\n  message='Error: strict mode violation: locator(\"div.HitchhikerEventStandard-dateInnerWrapper\") resolved to 20 elements:\n    1) <div class=\"HitchhikerEventStandard-dateInnerWrapper\">…</div> aka getByText(\"ноябрь 1993\")\n    2) <div class=\"HitchhikerEventStandard-dateInnerWrapper\">…</div> aka getByText(\"март 1994\")\n    3) <div class=\"HitchhikerEventStandard-dateInnerWrapper\">…</div> aka getByText(\"сентябрь 1994\")\n    4) <div class=\"HitchhikerEventStandard-dateInnerWrapper\">…</div> aka getByText(\"декабрь 1994\")\n    5) <div class=\"HitchhikerEventStandard-dateInnerWrapper\">…</div> aka getByText(\"апрель 1995\")\n    6) <div class=\"HitchhikerEventStandard-dateInnerWrapper\">…</div> aka getByText(\"июль 1995\")\n    7) <div class=\"HitchhikerEventStandard-dateInnerWrapper\">…</div> aka getByText(\"сентябрь 1995\")\n    8) <div class=\"HitchhikerEventStandard-dateInnerWrapper\">…</div> aka getByText(\"декабрь 1995\")\n    9) <div class=\"HitchhikerEventStandard-dateInnerWrapper\">…</div> aka getByText(\"февраль 1996\")\n    10) <div class=\"HitchhikerEventStandard-dateInnerWrapper\">…</div> aka getByText(\"17 май\")\n    ...\n\n  name='Error\n  stack='Error: Error: strict mode violation: locator(\"div.HitchhikerEventStandard-dateInnerWrapper\") resolved to 20 elements:\n    1) <div class=\"HitchhikerEventStandard-dateInnerWrapper\">…</div> aka getByText(\"ноябрь 1993\")\n    2) <div class=\"HitchhikerEventStandard-dateInnerWrapper\">…</div> aka getByText(\"март 1994\")\n    3) <div class=\"HitchhikerEventStandard-dateInnerWrapper\">…</div> aka getByText(\"сентябрь 1994\")\n    4) <div class=\"HitchhikerEventStandard-dateInnerWrapper\">…</div> aka getByText(\"декабрь 1994\")\n    5) <div class=\"HitchhikerEventStandard-dateInnerWrapper\">…</div> aka getByText(\"апрель 1995\")\n    6) <div class=\"HitchhikerEventStandard-dateInnerWrapper\">…</div> aka getByText(\"июль 1995\")\n    7) <div class=\"HitchhikerEventStandard-dateInnerWrapper\">…</div> aka getByText(\"сентябрь 1995\")\n    8) <div class=\"HitchhikerEventStandard-dateInnerWrapper\">…</div> aka getByText(\"декабрь 1995\")\n    9) <div class=\"HitchhikerEventStandard-dateInnerWrapper\">…</div> aka getByText(\"февраль 1996\")\n    10) <div class=\"HitchhikerEventStandard-dateInnerWrapper\">…</div> aka getByText(\"17 май\")\n    ...\n\n    at CRExecutionContext.evaluateWithArguments (C:\\Users\\User\\AppData\\Local\\Temp\\playwright-java-2139458725993734081\\package\\lib\\server\\chromium\\crExecutionContext.js:92:33)\n    at async LongStandingScope._race (C:\\Users\\User\\AppData\\Local\\Temp\\playwright-java-2139458725993734081\\package\\lib\\utils\\manualPromise.js:96:14)\n    at async evaluateExpression (C:\\Users\\User\\AppData\\Local\\Temp\\playwright-java-2139458725993734081\\package\\lib\\server\\javascript.js:235:12)\n    at async C:\\Users\\User\\AppData\\Local\\Temp\\playwright-java-2139458725993734081\\package\\lib\\server\\frames.js:641:22\n    at async Frame.retryWithProgressAndTimeouts (C:\\Users\\User\\AppData\\Local\\Temp\\playwright-java-2139458725993734081\\package\\lib\\server\\frames.js:929:24)\n    at async C:\\Users\\User\\AppData\\Local\\Temp\\playwright-java-2139458725993734081\\package\\lib\\server\\frames.js:626:14\n    at async ProgressController.run (C:\\Users\\User\\AppData\\Local\\Temp\\playwright-java-2139458725993734081\\package\\lib\\server\\progress.js:82:22)\n    at async FrameDispatcher.waitForSelector (C:\\Users\\User\\AppData\\Local\\Temp\\playwright-java-2139458725993734081\\package\\lib\\server\\dispatchers\\frameDispatcher.js:105:85)\n    at async LongStandingScope._race (C:\\Users\\User\\AppData\\Local\\Temp\\playwright-java-2139458725993734081\\package\\lib\\utils\\manualPromise.js:96:14)\n    at async FrameDispatcher._handleCommand (C:\\Users\\User\\AppData\\Local\\Temp\\playwright-java-2139458725993734081\\package\\lib\\server\\dispatchers\\dispatcher.js:96:14)\n}\nCall log:\n- waiting for locator(\"div.HitchhikerEventStandard-dateInnerWrapper\") to be visible\n\r\n\tat com.microsoft.playwright.impl.Connection.dispatch(Connection.java:259)\r\n\tat com.microsoft.playwright.impl.Connection.processOneMessage(Connection.java:211)\r\n\tat com.microsoft.playwright.impl.ChannelOwner.runUntil(ChannelOwner.java:130)\r\n\t... 73 more\r\n"},"stage":"finished","description":"","steps":[],"attachments":[],"parameters":[],"start":1762783148704,"stop":1762783165388}