-------------------------------------------------------------------------------
Test set: JUnit Jupiter
-------------------------------------------------------------------------------
Tests run: 1, Failures: 0, Errors: 1, Skipped: 0, Time elapsed: 0 s <<< FAILURE! -- in JUnit Jupiter
JUnit Jupiter.JUnit Jupiter -- Time elapsed: 0 s <<< ERROR!
org.junit.platform.commons.JUnitException: TestEngine with ID 'junit-jupiter' failed to execute tests
	at org.junit.platform.launcher.core.EngineExecutionOrchestrator.execute(EngineExecutionOrchestrator.java:153)
	at org.junit.platform.launcher.core.EngineExecutionOrchestrator.execute(EngineExecutionOrchestrator.java:127)
	at org.junit.platform.launcher.core.EngineExecutionOrchestrator.execute(EngineExecutionOrchestrator.java:90)
	at org.junit.platform.launcher.core.EngineExecutionOrchestrator.lambda$execute$0(EngineExecutionOrchestrator.java:55)
	at org.junit.platform.launcher.core.EngineExecutionOrchestrator.withInterceptedStreams(EngineExecutionOrchestrator.java:102)
	at org.junit.platform.launcher.core.EngineExecutionOrchestrator.execute(EngineExecutionOrchestrator.java:54)
	at org.junit.platform.launcher.core.DefaultLauncher.execute(DefaultLauncher.java:114)
	at org.junit.platform.launcher.core.DefaultLauncher.execute(DefaultLauncher.java:86)
	at org.junit.platform.launcher.core.DefaultLauncherSession$DelegatingLauncher.execute(DefaultLauncherSession.java:86)
	at org.apache.maven.surefire.junitplatform.LazyLauncher.execute(LazyLauncher.java:56)
	at org.apache.maven.surefire.junitplatform.JUnitPlatformProvider.execute(JUnitPlatformProvider.java:184)
	at org.apache.maven.surefire.junitplatform.JUnitPlatformProvider.invokeAllTests(JUnitPlatformProvider.java:148)
	at org.apache.maven.surefire.junitplatform.JUnitPlatformProvider.invoke(JUnitPlatformProvider.java:122)
	at org.apache.maven.surefire.booter.ForkedBooter.runSuitesInProcess(ForkedBooter.java:385)
	at org.apache.maven.surefire.booter.ForkedBooter.execute(ForkedBooter.java:162)
	at org.apache.maven.surefire.booter.ForkedBooter.run(ForkedBooter.java:507)
	at org.apache.maven.surefire.booter.ForkedBooter.main(ForkedBooter.java:495)
Caused by: org.junit.platform.commons.JUnitException: Error executing tests for engine junit-jupiter
	at org.junit.platform.engine.support.hierarchical.HierarchicalTestEngine.execute(HierarchicalTestEngine.java:57)
	at org.junit.platform.launcher.core.EngineExecutionOrchestrator.execute(EngineExecutionOrchestrator.java:147)
	... 16 more
Caused by: org.junit.platform.commons.JUnitException: Failed to transform configuration parameter with key 'junit.jupiter.execution.parallel.config.fixed.parallelism' and initial value '${parallelism:4}'
	at org.junit.platform.engine.ConfigurationParameters.lambda$get$0(ConfigurationParameters.java:129)
	at java.base/java.util.Optional.map(Optional.java:260)
	at org.junit.platform.engine.ConfigurationParameters.get(ConfigurationParameters.java:122)
	at org.junit.platform.engine.support.config.PrefixedConfigurationParameters.get(PrefixedConfigurationParameters.java:61)
	at org.junit.platform.engine.support.hierarchical.DefaultParallelExecutionConfigurationStrategy$1.createConfiguration(DefaultParallelExecutionConfigurationStrategy.java:41)
	at org.junit.platform.engine.support.hierarchical.ForkJoinPoolHierarchicalTestExecutorService.createConfiguration(ForkJoinPoolHierarchicalTestExecutorService.java:82)
	at org.junit.platform.engine.support.hierarchical.ForkJoinPoolHierarchicalTestExecutorService.<init>(ForkJoinPoolHierarchicalTestExecutorService.java:63)
	at org.junit.jupiter.engine.JupiterTestEngine.createExecutorService(JupiterTestEngine.java:78)
	at org.junit.platform.engine.support.hierarchical.HierarchicalTestEngine.execute(HierarchicalTestEngine.java:50)
	... 17 more
Caused by: java.lang.NumberFormatException: For input string: "${parallelism:4}"
	at java.base/java.lang.NumberFormatException.forInputString(NumberFormatException.java:67)
	at java.base/java.lang.Integer.parseInt(Integer.java:648)
	at java.base/java.lang.Integer.valueOf(Integer.java:989)
	at org.junit.platform.engine.ConfigurationParameters.lambda$get$0(ConfigurationParameters.java:124)
	... 25 more

