<?xml version="1.0" encoding="UTF-8"?>
<testsuite xmlns:xsi="http://www.w3.org/2001/XMLSchema-instance" xsi:noNamespaceSchemaLocation="https://maven.apache.org/surefire/maven-surefire-plugin/xsd/surefire-test-report-3.0.xsd" version="3.0" name="com.example.framework.tests.regression.UfcSearchTest" time="16.714" tests="2" errors="0" skipped="0" failures="0">
  <properties>
[...]
</properties>
  <testcase name="findTourneyAndTestFilter" classname="com.example.framework.tests.regression.UfcSearchTest" time="15.908">
    <system-out><![CDATA[2025-11-11T14:50:37.463 [ForkJoinPool-1-worker-2] [INFO] com.example.framework.core.extensions.PlaywrightExtension - Готовим Playwright-сессию для Autocomplete supports selecting first and last results sequentially
2025-11-11T14:50:37.463 [ForkJoinPool-1-worker-1] [INFO] com.example.framework.core.extensions.PlaywrightExtension - Готовим Playwright-сессию для Autocomplete supports selecting first and last results sequentially
2025-11-11T14:50:37.482 [ForkJoinPool-1-worker-2] [INFO] com.example.framework.config.ConfigurationManager - Конфигурация загружена: baseUrl=https://ufc.ru/, браузер=chromium, headless=false, задержка=0 мс, таймаут=30000 мс, видео включено=false, трейс включен=false, параллелизм=4, директории артефактов [скриншоты=C:\Users\User\IdeaProjects\CursorExamples\BestArchitectTests\frameworkPlaywrightUI\target\screenshots, видео=C:\Users\User\IdeaProjects\CursorExamples\BestArchitectTests\frameworkPlaywrightUI\target\videos, трейсы=C:\Users\User\IdeaProjects\CursorExamples\BestArchitectTests\frameworkPlaywrightUI\target\traces, загрузки=C:\Users\User\IdeaProjects\CursorExamples\BestArchitectTests\frameworkPlaywrightUI\target\downloads]
2025-11-11T14:50:37.483 [ForkJoinPool-1-worker-2] [INFO] com.example.framework.core.PlaywrightFactory - Создаем Playwright-сессию _engine_junit-jupiter_class_com.example.framework.tests.regression.ufcsearchtest_method_findreferenceandfeeds_: браузер=chromium, headless=false, задержка=0 мс, таймаут=30000 мс
2025-11-11T14:50:37.483 [ForkJoinPool-1-worker-1] [INFO] com.example.framework.core.PlaywrightFactory - Создаем Playwright-сессию _engine_junit-jupiter_class_com.example.framework.tests.regression.ufcsearchtest_method_findtourneyandtestfilter_: браузер=chromium, headless=false, задержка=0 мс, таймаут=30000 мс
2025-11-11T14:50:41.977 [ForkJoinPool-1-worker-2] [INFO] com.example.framework.core.PlaywrightFactory - Выбираем тип браузера: запрос='chromium'
2025-11-11T14:50:41.977 [ForkJoinPool-1-worker-1] [INFO] com.example.framework.core.PlaywrightFactory - Выбираем тип браузера: запрос='chromium'
2025-11-11T14:50:42.367 [ForkJoinPool-1-worker-2] [INFO] com.example.framework.core.PlaywrightFactory - Браузер для сессии _engine_junit-jupiter_class_com.example.framework.tests.regression.ufcsearchtest_method_findreferenceandfeeds_ запущен в режиме с интерфейсом (замедление=0 мс)
2025-11-11T14:50:42.389 [ForkJoinPool-1-worker-1] [INFO] com.example.framework.core.PlaywrightFactory - Браузер для сессии _engine_junit-jupiter_class_com.example.framework.tests.regression.ufcsearchtest_method_findtourneyandtestfilter_ запущен в режиме с интерфейсом (замедление=0 мс)
2025-11-11T14:50:42.706 [ForkJoinPool-1-worker-1] [INFO] com.example.framework.core.PlaywrightFactory - Playwright-сессия _engine_junit-jupiter_class_com.example.framework.tests.regression.ufcsearchtest_method_findtourneyandtestfilter_ инициализирована: baseUrl=https://ufc.ru/, видео включено=false, трейс включен=false
2025-11-11T14:50:42.706 [ForkJoinPool-1-worker-2] [INFO] com.example.framework.core.PlaywrightFactory - Playwright-сессия _engine_junit-jupiter_class_com.example.framework.tests.regression.ufcsearchtest_method_findreferenceandfeeds_ инициализирована: baseUrl=https://ufc.ru/, видео включено=false, трейс включен=false
2025-11-11T14:50:42.707 [ForkJoinPool-1-worker-1] [INFO] com.example.framework.core.PlaywrightSession - Трейс для _engine_junit-jupiter_class_com.example.framework.tests.regression.ufcsearchtest_method_findtourneyandtestfilter_ не запущен (включен=false ужеНачат=false)
2025-11-11T14:50:42.707 [ForkJoinPool-1-worker-2] [INFO] com.example.framework.core.PlaywrightSession - Трейс для _engine_junit-jupiter_class_com.example.framework.tests.regression.ufcsearchtest_method_findreferenceandfeeds_ не запущен (включен=false ужеНачат=false)
2025-11-11T14:50:44.033 [ForkJoinPool-1-worker-2] [INFO] com.example.framework.core.extensions.PlaywrightExtension - Начальная навигация завершена для Autocomplete supports selecting first and last results sequentially
2025-11-11T14:50:44.075 [ForkJoinPool-1-worker-2] [INFO] com.example.framework.pages.UfcHomePage - Раскрываем панель поиска
2025-11-11T14:50:44.185 [ForkJoinPool-1-worker-1] [INFO] com.example.framework.core.extensions.PlaywrightExtension - Начальная навигация завершена для Autocomplete supports selecting first and last results sequentially
2025-11-11T14:50:44.187 [ForkJoinPool-1-worker-1] [INFO] com.example.framework.pages.UfcHomePage - Раскрываем панель поиска
2025-11-11T14:50:44.550 [ForkJoinPool-1-worker-1] [INFO] com.example.framework.pages.UfcHomePage - Устанавливаем фокус на поле поиска #yxt-SearchBar-input--search-bar
2025-11-11T14:50:44.572 [ForkJoinPool-1-worker-2] [INFO] com.example.framework.pages.UfcHomePage - Устанавливаем фокус на поле поиска #yxt-SearchBar-input--search-bar
2025-11-11T14:50:45.426 [ForkJoinPool-1-worker-1] [INFO] com.example.framework.pages.UfcHomePage - Выбираем первую подсказку из li.yxt-AutoComplete-option--item
2025-11-11T14:50:45.901 [ForkJoinPool-1-worker-2] [INFO] com.example.framework.pages.UfcHomePage - Выбираем первую подсказку из li.yxt-AutoComplete-option--item
2025-11-11T14:50:46.753 [ForkJoinPool-1-worker-1] [INFO] com.example.framework.pages.UfcSearchPage - Открываем вкладку 'Турниры' внутри встроенной карты поиска
2025-11-11T14:50:47.323 [ForkJoinPool-1-worker-2] [INFO] com.example.framework.pages.UfcSearchPage - Открываем вкладку 'Турниры' внутри встроенной карты поиска
2025-11-11T14:50:49.368 [ForkJoinPool-1-worker-1] [INFO] com.example.framework.pages.UfcSearchPage - Переходим по адресу iframe https://answers-embed-client.ufc.com.pagescdn.com/ru%2FEvents.html?query=What+is+UFC+Fight+Pass%3F&tabOrder=..%2Fru%2Findex.html%2Cathletes%2Cevents%2Cfaqs%2Clinks%2Chelp_articles%2Cvideos%2Cpromotions&referrerPageUrl=https%3A%2F%2Fufc.ru%2F
2025-11-11T14:50:50.317 [ForkJoinPool-1-worker-2] [INFO] com.example.framework.pages.UfcSearchPage - Переходим по адресу iframe https://answers-embed-client.ufc.com.pagescdn.com/ru%2FEvents.html?query=What+is+UFC+Fight+Pass%3F&tabOrder=..%2Fru%2Findex.html%2Cathletes%2Cevents%2Cfaqs%2Clinks%2Chelp_articles%2Cvideos%2Cpromotions&referrerPageUrl=https%3A%2F%2Fufc.ru%2F
2025-11-11T14:50:51.761 [ForkJoinPool-1-worker-1] [INFO] com.example.framework.pages.UfcSearchPage - Выбираем сортировку турниров #yxt-SortOptions-option_SortOptions_2
2025-11-11T14:50:51.831 [ForkJoinPool-1-worker-1] [INFO] com.example.framework.pages.UfcSearchPage - Подтверждаем фильтр кнопкой button.yxt-SortOptions-apply:has-text('Применить')
2025-11-11T14:50:52.606 [ForkJoinPool-1-worker-2] [INFO] com.example.framework.pages.UfcSearchPage - Выбираем сортировку турниров #yxt-SortOptions-option_SortOptions_2
2025-11-11T14:50:52.681 [ForkJoinPool-1-worker-2] [INFO] com.example.framework.pages.UfcSearchPage - Подтверждаем фильтр кнопкой button.yxt-SortOptions-apply:has-text('Применить')
2025-11-11T14:50:52.817 [ForkJoinPool-1-worker-1] [INFO] com.example.framework.pages.UfcSearchPage - Найдено 20 контейнеров с датами для проверки сортировки
2025-11-11T14:50:53.098 [ForkJoinPool-1-worker-1] [INFO] com.example.framework.pages.UfcSearchPage - Проверяем, что даты отсортированы по возрастанию
2025-11-11T14:50:53.102 [ForkJoinPool-1-worker-1] [INFO] com.example.framework.core.extensions.PlaywrightExtension - Завершаем Playwright-сессию для Autocomplete supports selecting first and last results sequentially
2025-11-11T14:50:53.119 [ForkJoinPool-1-worker-1] [INFO] com.example.framework.core.PlaywrightSession - Видео для _engine_junit-jupiter_class_com.example.framework.tests.regression.ufcsearchtest_method_findtourneyandtestfilter_ отсутствует (видеоВключено=false, видеоПолучено=false)
2025-11-11T14:50:53.119 [ForkJoinPool-1-worker-1] [INFO] com.example.framework.core.extensions.PlaywrightExtension - Тест Autocomplete supports selecting first and last results sequentially прошёл успешно — видео удалено: true
2025-11-11T14:50:53.119 [ForkJoinPool-1-worker-1] [INFO] com.example.framework.core.PlaywrightSession - Закрываем Playwright-сессию _engine_junit-jupiter_class_com.example.framework.tests.regression.ufcsearchtest_method_findtourneyandtestfilter_
2025-11-11T14:50:53.297 [ForkJoinPool-1-worker-1] [INFO] com.example.framework.core.PlaywrightSession - Playwright-сессия _engine_junit-jupiter_class_com.example.framework.tests.regression.ufcsearchtest_method_findtourneyandtestfilter_ закрыта
]]></system-out>
  </testcase>
  <testcase name="findReferenceAndFeeds" classname="com.example.framework.tests.regression.UfcSearchTest" time="16.658">
    <system-out><![CDATA[2025-11-11T14:50:53.564 [ForkJoinPool-1-worker-2] [INFO] com.example.framework.pages.UfcSearchPage - Найдено 20 контейнеров с датами для проверки сортировки
2025-11-11T14:50:53.841 [ForkJoinPool-1-worker-2] [INFO] com.example.framework.pages.UfcSearchPage - Проверяем, что даты отсортированы по возрастанию
2025-11-11T14:50:53.842 [ForkJoinPool-1-worker-2] [INFO] com.example.framework.core.extensions.PlaywrightExtension - Завершаем Playwright-сессию для Autocomplete supports selecting first and last results sequentially
2025-11-11T14:50:53.862 [ForkJoinPool-1-worker-2] [INFO] com.example.framework.core.PlaywrightSession - Видео для _engine_junit-jupiter_class_com.example.framework.tests.regression.ufcsearchtest_method_findreferenceandfeeds_ отсутствует (видеоВключено=false, видеоПолучено=false)
2025-11-11T14:50:53.862 [ForkJoinPool-1-worker-2] [INFO] com.example.framework.core.extensions.PlaywrightExtension - Тест Autocomplete supports selecting first and last results sequentially прошёл успешно — видео удалено: true
2025-11-11T14:50:53.862 [ForkJoinPool-1-worker-2] [INFO] com.example.framework.core.PlaywrightSession - Закрываем Playwright-сессию _engine_junit-jupiter_class_com.example.framework.tests.regression.ufcsearchtest_method_findreferenceandfeeds_
2025-11-11T14:50:54.108 [ForkJoinPool-1-worker-2] [INFO] com.example.framework.core.PlaywrightSession - Playwright-сессия _engine_junit-jupiter_class_com.example.framework.tests.regression.ufcsearchtest_method_findreferenceandfeeds_ закрыта
]]></system-out>
  </testcase>
</testsuite>